#
# A fatal error has been detected by the Java Runtime Environment:
#
#  EXCEPTION_ACCESS_VIOLATION (0xc0000005) at pc=0x000000006faaa6a5, pid=13596, tid=9016
#
# JRE version: Java(TM) SE Runtime Environment (8.0_31-b13) (build 1.8.0_31-b13)
# Java VM: Java HotSpot(TM) 64-Bit Server VM (25.31-b07 mixed mode windows-amd64 compressed oops)
# Problematic frame:
# V  [jvm.dll+0x11a6a5]
#
# Failed to write core dump. Minidumps are not enabled by default on client versions of Windows
#
# If you would like to submit a bug report, please visit:
#   http://bugreport.java.com/bugreport/crash.jsp
#

---------------  T H R E A D  ---------------

Current thread (0x000000001c2ef000):  JavaThread "JDWP Transport Listener: dt_socket" daemon [_thread_in_vm, id=9016, stack(0x000000001e070000,0x000000001e170000)]

siginfo: ExceptionCode=0xc0000005, reading address 0x00003b656c003b74

Registers:
RAX=0x000000001e16f601, RBX=0x000000001c2ef000, RCX=0x00003b656c003b74, RDX=0x0000000000000000
RSP=0x000000001e16f620, RBP=0x00003b656c003b74, RSI=0x000000001e16f738, RDI=0x00000000022c6990
R8 =0x000000001c2ef000, R9 =0x0000000000000700, R10=0x00000000022a8530, R11=0x0084185600160003
R12=0x0000000000000000, R13=0x000000001c2eff48, R14=0x0000000000000000, R15=0x0000000000000000
RIP=0x000000006faaa6a5, EFLAGS=0x0000000000010206

Top of Stack: (sp=0x000000001e16f620)
0x000000001e16f620:   000000001c2ef000 000000001c2ef000
0x000000001e16f630:   000000001e16f6e8 000000006fca7c1b
0x000000001e16f640:   000000001c2ef000 000000006fcc447d
0x000000001e16f650:   0000000000000000 000000006d8b9149
0x000000001e16f660:   000000001fd59890 000000006d8c2912
0x000000001e16f670:   000000001c2ef000 0000000000000000
0x000000001e16f680:   0000000000000000 0000000000000000
0x000000001e16f690:   00003b656c003b74 000000006d8c1a09
0x000000001e16f6a0:   000000001e16f738 000000001e16f710
0x000000001e16f6b0:   0000000000000001 000000001fd59890
0x000000001e16f6c0:   00003b656c003b74 000000006d8a53b3
0x000000001e16f6d0:   000000001e16f800 0000000000000001
0x000000001e16f6e0:   0000000000000001 000000001fd59890
0x000000001e16f6f0:   0000000000000001 0000000000000000
0x000000001e16f700:   0000000000000000 0000000000000000
0x000000001e16f710:   0000000000000001 000000006d8a5571 

Instructions: (pc=0x000000006faaa6a5)
0x000000006faaa685:   cc cc cc cc cc cc cc cc cc cc cc 48 83 ec 28 48
0x000000006faaa695:   85 c9 75 07 33 c0 48 83 c4 28 c3 48 89 5c 24 20
0x000000006faaa6a5:   48 8b 19 48 85 db 74 20 48 83 fb 37 74 1a 48 8b
0x000000006faaa6b5:   13 48 8b cb ff 52 10 84 c0 74 0d 48 8b c3 48 8b 


Register to memory mapping:

RAX=0x000000001e16f601 is pointing into the stack for thread: 0x000000001c2ef000
RBX=0x000000001c2ef000 is a thread
RCX=0x00003b656c003b74 is an unknown value
RDX=0x0000000000000000 is an unknown value
RSP=0x000000001e16f620 is pointing into the stack for thread: 0x000000001c2ef000
RBP=0x00003b656c003b74 is an unknown value
RSI=0x000000001e16f738 is pointing into the stack for thread: 0x000000001c2ef000
RDI=0x00000000022c6990 is an unknown value
R8 =0x000000001c2ef000 is a thread
R9 =0x0000000000000700 is an unknown value
R10=0x00000000022a8530 is an unknown value
R11=0x0084185600160003 is an unknown value
R12=0x0000000000000000 is an unknown value
R13=0x000000001c2eff48 is an unknown value
R14=0x0000000000000000 is an unknown value
R15=0x0000000000000000 is an unknown value


Stack: [0x000000001e070000,0x000000001e170000],  sp=0x000000001e16f620,  free space=1021k
Native frames: (J=compiled Java code, j=interpreted, Vv=VM code, C=native code)
V  [jvm.dll+0x11a6a5]
V  [jvm.dll+0x33447d]
C  [jdwp.dll+0x21a09]
C  [jdwp.dll+0x53b3]
C  [jdwp.dll+0x5571]
C  [jdwp.dll+0xf09c]
C  [jdwp.dll+0x1f2c9]
C  [jdwp.dll+0x1f49e]
V  [jvm.dll+0x1ac128]
V  [jvm.dll+0x22c194]
V  [jvm.dll+0x28576a]
C  [msvcr100.dll+0x21d9f]
C  [msvcr100.dll+0x21e3b]
C  [kernel32.dll+0x159cd]
C  [ntdll.dll+0x2a561]


---------------  P R O C E S S  ---------------

Java Threads: ( => current thread )
  0x000000001fa6a000 JavaThread "DestroyJavaVM" [_thread_blocked, id=5864, stack(0x0000000002690000,0x0000000002790000)]
  0x00000000203e5800 JavaThread "http-nio-8080-AsyncTimeout" daemon [_thread_blocked, id=12200, stack(0x0000000029bb0000,0x0000000029cb0000)]
  0x00000000203e5000 JavaThread "http-nio-8080-Acceptor-0" daemon [_thread_in_native, id=13732, stack(0x0000000029aa0000,0x0000000029ba0000)]
  0x00000000203e4000 JavaThread "http-nio-8080-ClientPoller-1" daemon [_thread_in_native, id=4472, stack(0x00000000299a0000,0x0000000029aa0000)]
  0x00000000203e3800 JavaThread "http-nio-8080-ClientPoller-0" daemon [_thread_in_native, id=8936, stack(0x00000000297b0000,0x00000000298b0000)]
  0x00000000203e2800 JavaThread "http-nio-8080-exec-10" daemon [_thread_blocked, id=11796, stack(0x0000000029650000,0x0000000029750000)]
  0x00000000203e2000 JavaThread "http-nio-8080-exec-9" daemon [_thread_blocked, id=9040, stack(0x0000000025f60000,0x0000000026060000)]
  0x00000000203e1000 JavaThread "http-nio-8080-exec-8" daemon [_thread_blocked, id=6248, stack(0x0000000027e30000,0x0000000027f30000)]
  0x00000000203e0800 JavaThread "http-nio-8080-exec-7" daemon [_thread_blocked, id=13552, stack(0x0000000029440000,0x0000000029540000)]
  0x00000000203df800 JavaThread "http-nio-8080-exec-6" daemon [_thread_blocked, id=11196, stack(0x00000000292b0000,0x00000000293b0000)]
  0x00000000203df000 JavaThread "http-nio-8080-exec-5" daemon [_thread_blocked, id=11536, stack(0x0000000029140000,0x0000000029240000)]
  0x0000000021636800 JavaThread "http-nio-8080-exec-4" daemon [_thread_blocked, id=13556, stack(0x0000000028f90000,0x0000000029090000)]
  0x00000000251d8800 JavaThread "http-nio-8080-exec-3" daemon [_thread_blocked, id=12236, stack(0x0000000027cc0000,0x0000000027dc0000)]
  0x0000000021419000 JavaThread "http-nio-8080-exec-2" daemon [_thread_blocked, id=13592, stack(0x0000000027a30000,0x0000000027b30000)]
  0x000000001d9e1000 JavaThread "http-nio-8080-exec-1" daemon [_thread_blocked, id=13252, stack(0x0000000027b30000,0x0000000027c30000)]
  0x00000000268d0800 JavaThread "NioBlockingSelector.BlockPoller-1" daemon [_thread_in_native, id=10444, stack(0x0000000023590000,0x0000000023690000)]
  0x000000001d7f1800 JavaThread "container-0" [_thread_blocked, id=9436, stack(0x00000000260d0000,0x00000000261d0000)]
  0x000000001d7c6000 JavaThread "ContainerBackgroundProcessor[StandardEngine[Tomcat]]" daemon [_thread_blocked, id=11848, stack(0x00000000248d0000,0x00000000249d0000)]
  0x0000000021648000 JavaThread "Tomcat JDBC Pool Cleaner[1482968390:1508354657705]" daemon [_thread_blocked, id=13716, stack(0x00000000239c0000,0x0000000023ac0000)]
  0x000000001d752800 JavaThread "Service Thread" daemon [_thread_blocked, id=14180, stack(0x000000001ea40000,0x000000001eb40000)]
  0x000000001d6ef000 JavaThread "C1 CompilerThread2" daemon [_thread_blocked, id=13996, stack(0x000000001e790000,0x000000001e890000)]
  0x000000001d6e3800 JavaThread "C2 CompilerThread1" daemon [_thread_blocked, id=12828, stack(0x000000001d3f0000,0x000000001d4f0000)]
  0x000000001d6e0000 JavaThread "C2 CompilerThread0" daemon [_thread_blocked, id=8656, stack(0x000000001e5d0000,0x000000001e6d0000)]
  0x000000001d6d3000 JavaThread "JDWP Command Reader" daemon [_thread_in_native, id=13372, stack(0x000000001e3d0000,0x000000001e4d0000)]
  0x000000001d6d1800 JavaThread "JDWP Event Helper Thread" daemon [_thread_blocked, id=8700, stack(0x000000001e220000,0x000000001e320000)]
=>0x000000001c2ef000 JavaThread "JDWP Transport Listener: dt_socket" daemon [_thread_in_vm, id=9016, stack(0x000000001e070000,0x000000001e170000)]
  0x000000001d6c1000 JavaThread "Attach Listener" daemon [_thread_blocked, id=13032, stack(0x000000001dcb0000,0x000000001ddb0000)]
  0x000000001d6c0800 JavaThread "Signal Dispatcher" daemon [_thread_blocked, id=11448, stack(0x000000001db10000,0x000000001dc10000)]
  0x000000001c288800 JavaThread "Finalizer" daemon [_thread_blocked, id=14048, stack(0x000000001d5b0000,0x000000001d6b0000)]
  0x000000001c27f800 JavaThread "Reference Handler" daemon [_thread_blocked, id=4552, stack(0x000000001d2f0000,0x000000001d3f0000)]

Other Threads:
  0x000000001c27c000 VMThread [stack: 0x000000001d0d0000,0x000000001d1d0000] [id=12016]
  0x000000001d76f000 WatcherThread [stack: 0x000000001e8d0000,0x000000001e9d0000] [id=13232]

VM state:not at safepoint (normal execution)

VM Mutex/Monitor currently owned by a thread: None

Heap:
 PSYoungGen      total 300032K, used 32753K [0x000000076ae00000, 0x0000000783700000, 0x00000007c0000000)
  eden space 284672K, 6% used [0x000000076ae00000,0x000000076beff828,0x000000077c400000)
  from space 15360K, 99% used [0x000000077d600000,0x000000077e4fcf20,0x000000077e500000)
  to   space 18432K, 0% used [0x000000077c400000,0x000000077c400000,0x000000077d600000)
 ParOldGen       total 174592K, used 26967K [0x00000006c0a00000, 0x00000006cb480000, 0x000000076ae00000)
  object space 174592K, 15% used [0x00000006c0a00000,0x00000006c2455cc0,0x00000006cb480000)
 Metaspace       used 48867K, capacity 49282K, committed 49536K, reserved 1091584K
  class space    used 6354K, capacity 6426K, committed 6528K, reserved 1048576K

Card table byte_map: [0x0000000011e20000,0x0000000012620000] byte_map_base: 0x000000000e81b000

Marking Bits: (ParMarkBitMap*) 0x000000007016d4f0
 Begin Bits: [0x0000000013140000, 0x0000000017118000)
 End Bits:   [0x0000000017118000, 0x000000001b0f0000)

Polling page: 0x0000000000340000

CodeCache: size=245760Kb used=16789Kb max_used=16855Kb free=228970Kb
 bounds [0x0000000002a60000, 0x0000000003b20000, 0x0000000011a60000]
 total_blobs=4488 nmethods=4005 adapters=403
 compilation: enabled

Compilation events (10 events):
Event: 20.315 Thread 0x000000001d6ef000 nmethod 4586 0x0000000002ccd8d0 code [0x0000000002ccdce0, 0x0000000002ccfc48]
Event: 20.315 Thread 0x000000001d6ef000 4587       3       sun.misc.ProxyGenerator::generateStaticInitializer (457 bytes)
Event: 20.320 Thread 0x000000001d6ef000 nmethod 4587 0x0000000003a4b390 code [0x0000000003a4bf20, 0x0000000003a53f68]
Event: 20.328 Thread 0x000000001d6ef000 4588       3       org.apache.tomcat.jdbc.pool.JdbcInterceptor::compare (24 bytes)
Event: 20.328 Thread 0x000000001d6ef000 nmethod 4588 0x0000000002eb9850 code [0x0000000002eb99c0, 0x0000000002eb9d28]
Event: 20.353 Thread 0x000000001d6e3800 nmethod 4562 0x0000000003b08d50 code [0x0000000003b09360, 0x0000000003b0e550]
Event: 29.446 Thread 0x000000001d6ef000 4589       1       java.nio.channels.spi.AbstractSelector::cancelledKeys (5 bytes)
Event: 29.446 Thread 0x000000001d6ef000 nmethod 4589 0x00000000030b8110 code [0x00000000030b8260, 0x00000000030b8370]
Event: 37.478 Thread 0x000000001d6ef000 4591   !   3       sun.nio.ch.WindowsSelectorImpl$SubSelector::processFDSet (374 bytes)
Event: 37.480 Thread 0x000000001d6ef000 nmethod 4591 0x0000000002ec88d0 code [0x0000000002ec8bc0, 0x0000000002eca688]

GC Heap History (10 events):
Event: 1.690 GC heap before
{Heap before GC invocations=4 (full 1):
 PSYoungGen      total 141824K, used 10730K [0x000000076ae00000, 0x000000077c300000, 0x00000007c0000000)
  eden space 131072K, 0% used [0x000000076ae00000,0x000000076ae00000,0x0000000772e00000)
  from space 10752K, 99% used [0x0000000772e00000,0x000000077387a890,0x0000000773880000)
  to   space 10752K, 0% used [0x000000077b880000,0x000000077b880000,0x000000077c300000)
 ParOldGen       total 175104K, used 3212K [0x00000006c0a00000, 0x00000006cb500000, 0x000000076ae00000)
  object space 175104K, 1% used [0x00000006c0a00000,0x00000006c0d230a8,0x00000006cb500000)
 Metaspace       used 20866K, capacity 21124K, committed 21296K, reserved 1069056K
  class space    used 2544K, capacity 2607K, committed 2688K, reserved 1048576K
Event: 1.742 GC heap after
Heap after GC invocations=4 (full 1):
 PSYoungGen      total 141824K, used 0K [0x000000076ae00000, 0x000000077c300000, 0x00000007c0000000)
  eden space 131072K, 0% used [0x000000076ae00000,0x000000076ae00000,0x0000000772e00000)
  from space 10752K, 0% used [0x0000000772e00000,0x0000000772e00000,0x0000000773880000)
  to   space 10752K, 0% used [0x000000077b880000,0x000000077b880000,0x000000077c300000)
 ParOldGen       total 109056K, used 11734K [0x00000006c0a00000, 0x00000006c7480000, 0x000000076ae00000)
  object space 109056K, 10% used [0x00000006c0a00000,0x00000006c1575a30,0x00000006c7480000)
 Metaspace       used 20865K, capacity 21122K, committed 21296K, reserved 1069056K
  class space    used 2544K, capacity 2606K, committed 2688K, reserved 1048576K
}
Event: 3.008 GC heap before
{Heap before GC invocations=5 (full 1):
 PSYoungGen      total 141824K, used 131072K [0x000000076ae00000, 0x000000077c300000, 0x00000007c0000000)
  eden space 131072K, 100% used [0x000000076ae00000,0x0000000772e00000,0x0000000772e00000)
  from space 10752K, 0% used [0x0000000772e00000,0x0000000772e00000,0x0000000773880000)
  to   space 10752K, 0% used [0x000000077b880000,0x000000077b880000,0x000000077c300000)
 ParOldGen       total 109056K, used 11734K [0x00000006c0a00000, 0x00000006c7480000, 0x000000076ae00000)
  object space 109056K, 10% used [0x00000006c0a00000,0x00000006c1575a30,0x00000006c7480000)
 Metaspace       used 27460K, capacity 27732K, committed 27776K, reserved 1073152K
  class space    used 3380K, capacity 3425K, committed 3456K, reserved 1048576K
Event: 3.026 GC heap after
Heap after GC invocations=5 (full 1):
 PSYoungGen      total 207872K, used 9239K [0x000000076ae00000, 0x000000077c200000, 0x00000007c0000000)
  eden space 198144K, 0% used [0x000000076ae00000,0x000000076ae00000,0x0000000776f80000)
  from space 9728K, 94% used [0x000000077b880000,0x000000077c185c50,0x000000077c200000)
  to   space 10752K, 0% used [0x000000077ad00000,0x000000077ad00000,0x000000077b780000)
 ParOldGen       total 109056K, used 11742K [0x00000006c0a00000, 0x00000006c7480000, 0x000000076ae00000)
  object space 109056K, 10% used [0x00000006c0a00000,0x00000006c1577a30,0x00000006c7480000)
 Metaspace       used 27460K, capacity 27732K, committed 27776K, reserved 1073152K
  class space    used 3380K, capacity 3425K, committed 3456K, reserved 1048576K
}
Event: 5.438 GC heap before
{Heap before GC invocations=6 (full 1):
 PSYoungGen      total 207872K, used 134252K [0x000000076ae00000, 0x000000077c200000, 0x00000007c0000000)
  eden space 198144K, 63% used [0x000000076ae00000,0x0000000772815410,0x0000000776f80000)
  from space 9728K, 94% used [0x000000077b880000,0x000000077c185c50,0x000000077c200000)
  to   space 10752K, 0% used [0x000000077ad00000,0x000000077ad00000,0x000000077b780000)
 ParOldGen       total 109056K, used 11742K [0x00000006c0a00000, 0x00000006c7480000, 0x000000076ae00000)
  object space 109056K, 10% used [0x00000006c0a00000,0x00000006c1577a30,0x00000006c7480000)
 Metaspace       used 34967K, capacity 35262K, committed 35496K, reserved 1081344K
  class space    used 4446K, capacity 4520K, committed 4608K, reserved 1048576K
Event: 5.449 GC heap after
Heap after GC invocations=6 (full 1):
 PSYoungGen      total 271872K, used 10750K [0x000000076ae00000, 0x000000077e500000, 0x00000007c0000000)
  eden space 261120K, 0% used [0x000000076ae00000,0x000000076ae00000,0x000000077ad00000)
  from space 10752K, 99% used [0x000000077ad00000,0x000000077b77f9b0,0x000000077b780000)
  to   space 15360K, 0% used [0x000000077d600000,0x000000077d600000,0x000000077e500000)
 ParOldGen       total 109056K, used 15871K [0x00000006c0a00000, 0x00000006c7480000, 0x000000076ae00000)
  object space 109056K, 14% used [0x00000006c0a00000,0x00000006c197fe90,0x00000006c7480000)
 Metaspace       used 34967K, capacity 35262K, committed 35496K, reserved 1081344K
  class space    used 4446K, capacity 4520K, committed 4608K, reserved 1048576K
}
Event: 5.449 GC heap before
{Heap before GC invocations=7 (full 2):
 PSYoungGen      total 271872K, used 10750K [0x000000076ae00000, 0x000000077e500000, 0x00000007c0000000)
  eden space 261120K, 0% used [0x000000076ae00000,0x000000076ae00000,0x000000077ad00000)
  from space 10752K, 99% used [0x000000077ad00000,0x000000077b77f9b0,0x000000077b780000)
  to   space 15360K, 0% used [0x000000077d600000,0x000000077d600000,0x000000077e500000)
 ParOldGen       total 109056K, used 15871K [0x00000006c0a00000, 0x00000006c7480000, 0x000000076ae00000)
  object space 109056K, 14% used [0x00000006c0a00000,0x00000006c197fe90,0x00000006c7480000)
 Metaspace       used 34967K, capacity 35262K, committed 35496K, reserved 1081344K
  class space    used 4446K, capacity 4520K, committed 4608K, reserved 1048576K
Event: 5.549 GC heap after
Heap after GC invocations=7 (full 2):
 PSYoungGen      total 271872K, used 0K [0x000000076ae00000, 0x000000077e500000, 0x00000007c0000000)
  eden space 261120K, 0% used [0x000000076ae00000,0x000000076ae00000,0x000000077ad00000)
  from space 10752K, 0% used [0x000000077ad00000,0x000000077ad00000,0x000000077b780000)
  to   space 15360K, 0% used [0x000000077d600000,0x000000077d600000,0x000000077e500000)
 ParOldGen       total 174592K, used 23872K [0x00000006c0a00000, 0x00000006cb480000, 0x000000076ae00000)
  object space 174592K, 13% used [0x00000006c0a00000,0x00000006c2150350,0x00000006cb480000)
 Metaspace       used 34967K, capacity 35262K, committed 35496K, reserved 1081344K
  class space    used 4446K, capacity 4520K, committed 4608K, reserved 1048576K
}
Event: 20.195 GC heap before
{Heap before GC invocations=8 (full 2):
 PSYoungGen      total 271872K, used 261120K [0x000000076ae00000, 0x000000077e500000, 0x00000007c0000000)
  eden space 261120K, 100% used [0x000000076ae00000,0x000000077ad00000,0x000000077ad00000)
  from space 10752K, 0% used [0x000000077ad00000,0x000000077ad00000,0x000000077b780000)
  to   space 15360K, 0% used [0x000000077d600000,0x000000077d600000,0x000000077e500000)
 ParOldGen       total 174592K, used 23872K [0x00000006c0a00000, 0x00000006cb480000, 0x000000076ae00000)
  object space 174592K, 13% used [0x00000006c0a00000,0x00000006c2150350,0x00000006cb480000)
 Metaspace       used 48088K, capacity 48482K, committed 48896K, reserved 1091584K
  class space    used 6258K, capacity 6330K, committed 6400K, reserved 1048576K
Event: 20.209 GC heap after
Heap after GC invocations=8 (full 2):
 PSYoungGen      total 300032K, used 15347K [0x000000076ae00000, 0x0000000783700000, 0x00000007c0000000)
  eden space 284672K, 0% used [0x000000076ae00000,0x000000076ae00000,0x000000077c400000)
  from space 15360K, 99% used [0x000000077d600000,0x000000077e4fcf20,0x000000077e500000)
  to   space 18432K, 0% used [0x000000077c400000,0x000000077c400000,0x000000077d600000)
 ParOldGen       total 174592K, used 26967K [0x00000006c0a00000, 0x00000006cb480000, 0x000000076ae00000)
  object space 174592K, 15% used [0x00000006c0a00000,0x00000006c2455cc0,0x00000006cb480000)
 Metaspace       used 48088K, capacity 48482K, committed 48896K, reserved 1091584K
  class space    used 6258K, capacity 6330K, committed 6400K, reserved 1048576K
}

Deoptimization events (10 events):
Event: 20.322 Thread 0x000000001d9e1000 Uncommon trap: reason=unhandled action=none pc=0x00000000034a3528 method=java.net.URLClassLoader$1.run()Ljava/lang/Class; @ 72
Event: 20.324 Thread 0x000000001d9e1000 Uncommon trap: reason=unhandled action=none pc=0x00000000034a3528 method=java.net.URLClassLoader$1.run()Ljava/lang/Class; @ 72
Event: 20.325 Thread 0x000000001d9e1000 Uncommon trap: reason=unhandled action=none pc=0x00000000034a3528 method=java.net.URLClassLoader$1.run()Ljava/lang/Class; @ 72
Event: 20.325 Thread 0x000000001d9e1000 Uncommon trap: reason=unhandled action=none pc=0x00000000034a3528 method=java.net.URLClassLoader$1.run()Ljava/lang/Class; @ 72
Event: 20.325 Thread 0x000000001d9e1000 Uncommon trap: reason=unhandled action=none pc=0x00000000034a3528 method=java.net.URLClassLoader$1.run()Ljava/lang/Class; @ 72
Event: 20.326 Thread 0x000000001d9e1000 Uncommon trap: reason=unhandled action=none pc=0x00000000034a3528 method=java.net.URLClassLoader$1.run()Ljava/lang/Class; @ 72
Event: 20.326 Thread 0x000000001d9e1000 Uncommon trap: reason=unhandled action=none pc=0x00000000034a3528 method=java.net.URLClassLoader$1.run()Ljava/lang/Class; @ 72
Event: 20.327 Thread 0x000000001d9e1000 Uncommon trap: reason=unhandled action=none pc=0x00000000034a3528 method=java.net.URLClassLoader$1.run()Ljava/lang/Class; @ 72
Event: 36.914 Thread 0x000000001d7c6000 Uncommon trap: reason=unhandled action=none pc=0x00000000034a3528 method=java.net.URLClassLoader$1.run()Ljava/lang/Class; @ 72
Event: 36.915 Thread 0x000000001d7c6000 Uncommon trap: reason=unhandled action=none pc=0x00000000034a3528 method=java.net.URLClassLoader$1.run()Ljava/lang/Class; @ 72

Internal exceptions (10 events):
Event: 20.322 Thread 0x000000001d9e1000 Exception <a 'java/security/PrivilegedActionException'> (0x000000076b82b3d8) thrown at [C:\workspace\8-2-build-windows-amd64-cygwin\jdk8u31\2394\hotspot\src\share\vm\prims\jvm.cpp, line 1312]
Event: 20.324 Thread 0x000000001d9e1000 Exception <a 'java/security/PrivilegedActionException'> (0x000000076b833150) thrown at [C:\workspace\8-2-build-windows-amd64-cygwin\jdk8u31\2394\hotspot\src\share\vm\prims\jvm.cpp, line 1312]
Event: 20.325 Thread 0x000000001d9e1000 Exception <a 'java/security/PrivilegedActionException'> (0x000000076b83a238) thrown at [C:\workspace\8-2-build-windows-amd64-cygwin\jdk8u31\2394\hotspot\src\share\vm\prims\jvm.cpp, line 1312]
Event: 20.325 Thread 0x000000001d9e1000 Exception <a 'java/security/PrivilegedActionException'> (0x000000076b83f850) thrown at [C:\workspace\8-2-build-windows-amd64-cygwin\jdk8u31\2394\hotspot\src\share\vm\prims\jvm.cpp, line 1312]
Event: 20.325 Thread 0x000000001d9e1000 Exception <a 'java/security/PrivilegedActionException'> (0x000000076b844608) thrown at [C:\workspace\8-2-build-windows-amd64-cygwin\jdk8u31\2394\hotspot\src\share\vm\prims\jvm.cpp, line 1312]
Event: 20.326 Thread 0x000000001d9e1000 Exception <a 'java/security/PrivilegedActionException'> (0x000000076b849b20) thrown at [C:\workspace\8-2-build-windows-amd64-cygwin\jdk8u31\2394\hotspot\src\share\vm\prims\jvm.cpp, line 1312]
Event: 20.326 Thread 0x000000001d9e1000 Exception <a 'java/security/PrivilegedActionException'> (0x000000076b850fb8) thrown at [C:\workspace\8-2-build-windows-amd64-cygwin\jdk8u31\2394\hotspot\src\share\vm\prims\jvm.cpp, line 1312]
Event: 20.327 Thread 0x000000001d9e1000 Exception <a 'java/security/PrivilegedActionException'> (0x000000076b85a648) thrown at [C:\workspace\8-2-build-windows-amd64-cygwin\jdk8u31\2394\hotspot\src\share\vm\prims\jvm.cpp, line 1312]
Event: 36.914 Thread 0x000000001d7c6000 Exception <a 'java/security/PrivilegedActionException'> (0x000000076bb4af98) thrown at [C:\workspace\8-2-build-windows-amd64-cygwin\jdk8u31\2394\hotspot\src\share\vm\prims\jvm.cpp, line 1312]
Event: 36.915 Thread 0x000000001d7c6000 Exception <a 'java/security/PrivilegedActionException'> (0x000000076bb53be0) thrown at [C:\workspace\8-2-build-windows-amd64-cygwin\jdk8u31\2394\hotspot\src\share\vm\prims\jvm.cpp, line 1312]

Events (10 events):
Event: 37.889 Executing VM operation: GetCurrentLocation
Event: 37.889 Executing VM operation: GetCurrentLocation done
Event: 37.889 Executing VM operation: EnterInterpOnlyMode
Event: 37.890 Executing VM operation: EnterInterpOnlyMode done
Event: 37.890 Executing VM operation: ChangeSingleStep
Event: 37.890 Executing VM operation: ChangeSingleStep done
Event: 37.890 Executing VM operation: ChangeSingleStep
Event: 37.890 Executing VM operation: ChangeSingleStep done
Event: 37.901 Executing VM operation: RedefineClasses
Event: 37.925 Executing VM operation: RedefineClasses done


Dynamic libraries:
0x000000013f3b0000 - 0x000000013f3e4000 	C:\Program Files\Java\jdk1.8.0_31\bin\javaw.exe
0x0000000076d80000 - 0x0000000076f2a000 	C:\Windows\SYSTEM32\ntdll.dll
0x0000000076c60000 - 0x0000000076d7f000 	C:\Windows\system32\kernel32.dll
0x000007fefcdc0000 - 0x000007fefce2a000 	C:\Windows\system32\KERNELBASE.dll
0x00000000747b0000 - 0x0000000074837000 	C:\Windows\System32\SYSFER.DLL
0x000007fefd260000 - 0x000007fefd33b000 	C:\Windows\system32\ADVAPI32.dll
0x000007fefdaf0000 - 0x000007fefdb8f000 	C:\Windows\system32\msvcrt.dll
0x000007feff070000 - 0x000007feff08f000 	C:\Windows\SYSTEM32\sechost.dll
0x000007fefdc10000 - 0x000007fefdd3d000 	C:\Windows\system32\RPCRT4.dll
0x0000000076b60000 - 0x0000000076c5a000 	C:\Windows\system32\USER32.dll
0x000007fefeff0000 - 0x000007feff057000 	C:\Windows\system32\GDI32.dll
0x000007feff060000 - 0x000007feff06e000 	C:\Windows\system32\LPK.dll
0x000007fefd190000 - 0x000007fefd25a000 	C:\Windows\system32\USP10.dll
0x000007fefb620000 - 0x000007fefb814000 	C:\Windows\WinSxS\amd64_microsoft.windows.common-controls_6595b64144ccf1df_6.0.7601.18837_none_fa3b1e3d17594757\COMCTL32.dll
0x000007fefef70000 - 0x000007fefefe1000 	C:\Windows\system32\SHLWAPI.dll
0x0000000076f40000 - 0x0000000076f47000 	C:\Windows\system32\psapi.dll
0x000007fefdf20000 - 0x000007fefdf4e000 	C:\Windows\system32\IMM32.DLL
0x000007fefd340000 - 0x000007fefd449000 	C:\Windows\system32\MSCTF.dll
0x0000000078b00000 - 0x0000000078bd2000 	C:\Program Files\Java\jdk1.8.0_31\jre\bin\msvcr100.dll
0x000000006f990000 - 0x00000000701ea000 	C:\Program Files\Java\jdk1.8.0_31\jre\bin\server\jvm.dll
0x000007fef4a00000 - 0x000007fef4a09000 	C:\Windows\system32\WSOCK32.dll
0x000007fefda00000 - 0x000007fefda4d000 	C:\Windows\system32\WS2_32.dll
0x000007fefd180000 - 0x000007fefd188000 	C:\Windows\system32\NSI.dll
0x000007fefa2f0000 - 0x000007fefa32b000 	C:\Windows\system32\WINMM.dll
0x0000000073720000 - 0x000000007372f000 	C:\Program Files\Java\jdk1.8.0_31\jre\bin\verify.dll
0x00000000736f0000 - 0x0000000073718000 	C:\Program Files\Java\jdk1.8.0_31\jre\bin\java.dll
0x000000006d8a0000 - 0x000000006d8d5000 	C:\Program Files\Java\jdk1.8.0_31\jre\bin\jdwp.dll
0x00000000723f0000 - 0x00000000723f8000 	C:\Program Files\Java\jdk1.8.0_31\jre\bin\npt.dll
0x00000000736d0000 - 0x00000000736e6000 	C:\Program Files\Java\jdk1.8.0_31\jre\bin\zip.dll
0x000007fefdff0000 - 0x000007fefed7a000 	C:\Windows\system32\SHELL32.dll
0x000007fefcf70000 - 0x000007fefd173000 	C:\Windows\system32\ole32.dll
0x000007fefcab0000 - 0x000007fefcabf000 	C:\Windows\system32\profapi.dll
0x0000000072400000 - 0x0000000072409000 	C:\Program Files\Java\jdk1.8.0_31\jre\bin\dt_socket.dll
0x000007fef9cd0000 - 0x000007fef9ce5000 	C:\Windows\system32\NLAapi.dll
0x000007fef6410000 - 0x000007fef6425000 	C:\Windows\system32\napinsp.dll
0x000007fef6430000 - 0x000007fef6449000 	C:\Windows\system32\pnrpnsp.dll
0x000007fefc280000 - 0x000007fefc2d5000 	C:\Windows\System32\mswsock.dll
0x000007fefc100000 - 0x000007fefc15b000 	C:\Windows\system32\DNSAPI.dll
0x000007fef6400000 - 0x000007fef640b000 	C:\Windows\System32\winrnr.dll
0x000007fef63f0000 - 0x000007fef6400000 	C:\Windows\system32\wshbth.dll
0x000007fef9c20000 - 0x000007fef9c47000 	C:\Windows\system32\IPHLPAPI.DLL
0x000007fef9c10000 - 0x000007fef9c1b000 	C:\Windows\system32\WINNSI.DLL
0x000007fef9980000 - 0x000007fef99d3000 	C:\Windows\System32\fwpuclnt.dll
0x000007fef8c40000 - 0x000007fef8c48000 	C:\Windows\system32\rasadhlp.dll
0x000007fefbe70000 - 0x000007fefbe77000 	C:\Windows\System32\wshtcpip.dll
0x00000000723e0000 - 0x00000000723ed000 	C:\Program Files\Java\jdk1.8.0_31\jre\bin\management.dll
0x0000000073680000 - 0x000000007369a000 	C:\Program Files\Java\jdk1.8.0_31\jre\bin\net.dll
0x000007fefc270000 - 0x000007fefc277000 	C:\Windows\System32\wship6.dll
0x0000000073660000 - 0x0000000073671000 	C:\Program Files\Java\jdk1.8.0_31\jre\bin\nio.dll
0x000007fefc2f0000 - 0x000007fefc308000 	C:\Windows\system32\CRYPTSP.dll
0x000007fefbfe0000 - 0x000007fefc027000 	C:\Windows\system32\rsaenh.dll
0x000007fefcad0000 - 0x000007fefcaee000 	C:\Windows\system32\USERENV.dll
0x000007fefc950000 - 0x000007fefc95f000 	C:\Windows\system32\CRYPTBASE.dll
0x000007fef9ac0000 - 0x000007fef9ad1000 	C:\Windows\system32\dhcpcsvc6.DLL
0x000007fef9aa0000 - 0x000007fef9ab8000 	C:\Windows\system32\dhcpcsvc.DLL
0x000007fef3330000 - 0x000007fef3455000 	C:\Windows\system32\dbghelp.dll

VM Arguments:
jvm_args: -agentlib:jdwp=transport=dt_socket,suspend=y,address=localhost:59429 -Dfile.encoding=UTF-8 
java_command: br.com.stgenerator.Boot
java_class_path (initial): C:\Users\s2it_ppoli\Desktop\STGeneratorWeb\target\classes;C:\Users\s2it_ppoli\.m2\repository\commons-io\commons-io\1.3.2\commons-io-1.3.2.jar;C:\Users\s2it_ppoli\Desktop\STGeneratorJar\target\classes;C:\Users\s2it_ppoli\.m2\repository\org\springframework\boot\spring-boot-starter-data-jpa\1.5.3.RELEASE\spring-boot-starter-data-jpa-1.5.3.RELEASE.jar;C:\Users\s2it_ppoli\.m2\repository\org\springframework\boot\spring-boot-starter-aop\1.5.3.RELEASE\spring-boot-starter-aop-1.5.3.RELEASE.jar;C:\Users\s2it_ppoli\.m2\repository\org\aspectj\aspectjweaver\1.8.10\aspectjweaver-1.8.10.jar;C:\Users\s2it_ppoli\.m2\repository\org\springframework\boot\spring-boot-starter-jdbc\1.5.3.RELEASE\spring-boot-starter-jdbc-1.5.3.RELEASE.jar;C:\Users\s2it_ppoli\.m2\repository\org\apache\tomcat\tomcat-jdbc\8.5.14\tomcat-jdbc-8.5.14.jar;C:\Users\s2it_ppoli\.m2\repository\org\apache\tomcat\tomcat-juli\8.5.14\tomcat-juli-8.5.14.jar;C:\Users\s2it_ppoli\.m2\repository\org\springframework\spring-jdbc\4.3.8.RELEASE\spring-jdbc-4.3.8.RELEASE.jar;C:\Users\s2it_ppoli\.m2\repository\org\hibernate\hibernate-core\5.0.12.Final\hibernate-core-5.0.12.Final.jar;C:\Users\s2it_ppoli\.m2\repository\org\hibernate\javax\persistence\hibernate-jpa-2.1-api\1.0.0.Final\hibernate-jpa-2.1-api-1.0.0.Final.jar;C:\Users\s2it_ppoli\.m2\repository\org\javassist\javassist\3.21.0-GA\javassist-3.21.0-GA.jar;C:\Users\s2it_ppoli\.m2\repository\antlr\antlr\2.7.7\antlr-2.7.7.jar;C:\Users\s2it_ppoli\.m2\repository\org\jboss\jandex\2.0.0.Final\jandex-2.0.0.Final.jar;C:\Users\s2it_ppoli\.m2\repository\dom4j\dom4j\1.6.1\dom4j-1.6.1.jar;C:\Users\s2it_ppoli\.m2\repository\org\hibernate\common\hibernate-commons-annotations\5.0.1.Final\hibernate-commons-annotations-5.0.1.Final.jar;C:\Users\s2it_ppoli\.m2\repository\org\hibernate\hibernate-entitymanager\5.0.12.Final\hibernate-entitymanager-5.0.12.Final.jar;C:\Users\s2it_ppoli\.m2\repository\javax\transaction\javax.transaction-api\1.2\javax.transaction-api-1.2.jar
Launcher Type: SUN_STANDARD

Environment Variables:
JAVA_HOME=C:\jdk1.7.0_60
PATH=C:\Program Files\Java\jdk1.8.0_31\jre\bin;C:/Program Files/Java/jdk1.8.0_31/jre/bin/server;C:/Program Files/Java/jdk1.8.0_31/jre/bin;C:/Program Files/Java/jdk1.8.0_31/jre/lib/amd64;C:\ProgramData\Oracle\Java\javapath;C:\Ruby23\bin;C:\Program Files (x86)\AMD APP\bin\x86_64;C:\Program Files (x86)\AMD APP\bin\x86;C:\Program Files (x86)\Intel\iCLS Client\;C:\Program Files\Intel\iCLS Client\;C:\Windows\system32;C:\Windows;C:\Windows\System32\Wbem;C:\Windows\System32\WindowsPowerShell\v1.0\;C:\Program Files (x86)\Microsoft Application Virtualization Client;C:\Program Files (x86)\ATI Technologies\ATI.ACE\Core-Static;C:\jdk1.7.0_60/bin;C:\Dev\apache-maven-3.2.5/bin;C:\Program Files\Git\cmd;c:\maven\bin;C:\Program Files\nodejs\;C:\HashiCorp\Vagrant\bin;C:\Program Files\TortoiseSVN\bin;C:\Program Files\Intel\Intel(R) Management Engine Components\DAL;C:\Program Files\Intel\Intel(R) Management Engine Components\IPT;C:\Program Files (x86)\Intel\Intel(R) Management Engine Components\DAL;C:\Program Files (x86)\Intel\Intel(R) Management Engine Components\IPT;C:\Program Files\Gammu 1.38.1\bin;C:\Program Files (x86)\Skype\Phone\;C:\PostgreSQL\pg96\bin;C:\Users\s2it_ppoli\AppData\Roaming\npm;C:\Users\s2it_ppoli\Desktop;
USERNAME=s2it_ppoli
OS=Windows_NT
PROCESSOR_IDENTIFIER=Intel64 Family 6 Model 58 Stepping 9, GenuineIntel



---------------  S Y S T E M  ---------------

OS: Windows 7 , 64 bit Build 7601 Service Pack 1

CPU:total 4 (4 cores per cpu, 1 threads per core) family 6 model 58 stepping 9, cmov, cx8, fxsr, mmx, sse, sse2, sse3, ssse3, sse4.1, sse4.2, popcnt, avx, aes, clmul, erms, tsc, tscinvbit, tscinv

Memory: 4k page, physical 16730576k(5303928k free), swap 17547916k(4766356k free)

vm_info: Java HotSpot(TM) 64-Bit Server VM (25.31-b07) for windows-amd64 JRE (1.8.0_31-b13), built on Dec 17 2014 21:00:28 by "java_re" with MS VC++ 10.0 (VS2010)

time: Wed Oct 18 17:24:52 2017
elapsed time: 38 seconds (0d 0h 0m 38s)

